2025-01-10 04:08:30 INFO  b.p.controller.CommentControllerTest - Starting CommentControllerTest using Java 21.0.1 with PID 16780 (started by Semih in C:\Users\Semih\Desktop\School\3TIN\Fullstack\Java\project-SemihAltintasPXL\backend-java\Publishy\comment-service)
2025-01-10 04:08:30 INFO  b.p.controller.CommentControllerTest - No active profile set, falling back to 1 default profile: "default"
2025-01-10 04:08:30 INFO  o.s.c.c.c.ConfigServerConfigDataLoader - Fetching config from server at : http://localhost:8094/
2025-01-10 04:08:30 INFO  o.s.c.c.c.ConfigServerConfigDataLoader - Located environment: name=comment-service, profiles=[default], label=null, version=null, state=null
2025-01-10 04:08:31 INFO  o.s.d.r.c.RepositoryConfigurationDelegate - Bootstrapping Spring Data JPA repositories in DEFAULT mode.
2025-01-10 04:08:31 INFO  o.s.d.r.c.RepositoryConfigurationDelegate - Finished Spring Data repository scanning in 155 ms. Found 1 JPA repository interface.
2025-01-10 04:08:32 INFO  o.s.cloud.context.scope.GenericScope - BeanFactory id=53594050-0352-3c17-a85f-6411c5e92834
2025-01-10 04:08:33 WARN  o.s.c.s.PostProcessorRegistrationDelegate$BeanPostProcessorChecker - Bean 'org.springframework.cloud.client.loadbalancer.LoadBalancerAutoConfiguration$DeferringLoadBalancerInterceptorConfig' of type [org.springframework.cloud.client.loadbalancer.LoadBalancerAutoConfiguration$DeferringLoadBalancerInterceptorConfig] is not eligible for getting processed by all BeanPostProcessors (for example: not eligible for auto-proxying). The currently created BeanPostProcessor [lbRestClientPostProcessor] is declared through a non-static factory method on that class; consider declaring it as static instead.
2025-01-10 04:08:33 WARN  o.s.c.s.PostProcessorRegistrationDelegate$BeanPostProcessorChecker - Bean 'deferringLoadBalancerInterceptor' of type [org.springframework.cloud.client.loadbalancer.DeferringLoadBalancerInterceptor] is not eligible for getting processed by all BeanPostProcessors (for example: not eligible for auto-proxying). Is this bean getting eagerly injected/applied to a currently created BeanPostProcessor [lbRestClientPostProcessor]? Check the corresponding BeanPostProcessor declaration and its dependencies/advisors. If this bean does not have to be post-processed, declare it with ROLE_INFRASTRUCTURE.
2025-01-10 04:08:33 INFO  o.h.jpa.internal.util.LogHelper - HHH000204: Processing PersistenceUnitInfo [name: default]
2025-01-10 04:08:33 INFO  org.hibernate.Version - HHH000412: Hibernate ORM core version 6.5.3.Final
2025-01-10 04:08:33 INFO  o.h.c.i.RegionFactoryInitiator - HHH000026: Second-level cache disabled
2025-01-10 04:08:34 INFO  o.s.o.j.p.SpringPersistenceUnitInfo - No LoadTimeWeaver setup: ignoring JPA class transformer
2025-01-10 04:08:34 INFO  com.zaxxer.hikari.HikariDataSource - HikariPool-1 - Starting...
2025-01-10 04:08:34 INFO  com.zaxxer.hikari.pool.HikariPool - HikariPool-1 - Added connection com.mysql.cj.jdbc.ConnectionImpl@6109366a
2025-01-10 04:08:34 INFO  com.zaxxer.hikari.HikariDataSource - HikariPool-1 - Start completed.
2025-01-10 04:08:34 WARN  org.hibernate.dialect.Dialect - HHH000511: The 5.7.37 version for [org.hibernate.dialect.MySQLDialect] is no longer supported, hence certain features may not work properly. The minimum supported version is 8.0.0. Check the community dialects project for available legacy versions.
2025-01-10 04:08:34 WARN  org.hibernate.orm.deprecation - HHH90000025: MySQLDialect does not need to be specified explicitly using 'hibernate.dialect' (remove the property setting and it will be selected by default)
2025-01-10 04:08:35 INFO  o.h.e.t.j.p.i.JtaPlatformInitiator - HHH000489: No JTA platform available (set 'hibernate.transaction.jta.platform' to enable JTA platform integration)
2025-01-10 04:08:35 INFO  o.s.o.j.LocalContainerEntityManagerFactoryBean - Initialized JPA EntityManagerFactory for persistence unit 'default'
2025-01-10 04:08:36 WARN  o.s.b.a.o.j.JpaBaseConfiguration$JpaWebConfiguration - spring.jpa.open-in-view is enabled by default. Therefore, database queries may be performed during view rendering. Explicitly configure spring.jpa.open-in-view to disable this warning
2025-01-10 04:08:37 INFO  o.s.b.t.m.w.SpringBootMockServletContext - Initializing Spring TestDispatcherServlet ''
2025-01-10 04:08:37 INFO  o.s.t.w.s.TestDispatcherServlet - Initializing Servlet ''
2025-01-10 04:08:37 INFO  o.s.t.w.s.TestDispatcherServlet - Completed initialization in 1 ms
2025-01-10 04:08:38 INFO  o.s.cloud.commons.util.InetUtils - Cannot determine local hostname
2025-01-10 04:08:39 INFO  o.s.cloud.commons.util.InetUtils - Cannot determine local hostname
2025-01-10 04:08:39 INFO  o.s.c.n.e.c.DiscoveryClientOptionalArgsConfiguration - Eureka HTTP Client uses RestTemplate.
2025-01-10 04:08:39 WARN  o.s.c.l.c.LoadBalancerCacheAutoConfiguration$LoadBalancerCaffeineWarnLogger - Spring Cloud LoadBalancer is currently working with the default cache. While this cache implementation is useful for development and tests, it's recommended to use Caffeine cache in production.You can switch to using Caffeine cache, by adding it and org.springframework.cache.caffeine.CaffeineCacheManager to the classpath.
2025-01-10 04:08:39 INFO  o.s.c.n.eureka.InstanceInfoFactory - Setting initial instance status as: STARTING
2025-01-10 04:08:39 INFO  c.netflix.discovery.DiscoveryClient - Initializing Eureka in region us-east-1
2025-01-10 04:08:39 INFO  c.n.d.s.r.aws.ConfigClusterResolver - Resolving eureka endpoints via configuration
2025-01-10 04:08:39 INFO  c.netflix.discovery.DiscoveryClient - Disable delta property : false
2025-01-10 04:08:39 INFO  c.netflix.discovery.DiscoveryClient - Single vip registry refresh property : null
2025-01-10 04:08:39 INFO  c.netflix.discovery.DiscoveryClient - Force full registry fetch : false
2025-01-10 04:08:39 INFO  c.netflix.discovery.DiscoveryClient - Application is null : false
2025-01-10 04:08:39 INFO  c.netflix.discovery.DiscoveryClient - Registered Applications size is zero : true
2025-01-10 04:08:39 INFO  c.netflix.discovery.DiscoveryClient - Application version is -1: true
2025-01-10 04:08:39 INFO  c.netflix.discovery.DiscoveryClient - Getting all instance registry info from the eureka server
2025-01-10 04:08:39 INFO  c.netflix.discovery.DiscoveryClient - The response status is 200
2025-01-10 04:08:40 INFO  c.netflix.discovery.DiscoveryClient - Starting heartbeat executor: renew interval is: 30
2025-01-10 04:08:40 INFO  c.n.discovery.InstanceInfoReplicator - InstanceInfoReplicator onDemand update allowed rate per min is 4
2025-01-10 04:08:40 INFO  c.netflix.discovery.DiscoveryClient - Discovery Client initialized at timestamp 1736478520011 with initial instances count: 5
2025-01-10 04:08:40 INFO  o.s.c.n.e.s.EurekaServiceRegistry - Registering application COMMENT-SERVICE with eureka with status UP
2025-01-10 04:08:40 INFO  c.netflix.discovery.DiscoveryClient - Saw local status change event StatusChangeEvent [timestamp=1736478520015, current=UP, previous=STARTING]
2025-01-10 04:08:40 INFO  c.netflix.discovery.DiscoveryClient - DiscoveryClient_COMMENT-SERVICE/localhost:comment-service:8097: registering service...
2025-01-10 04:08:40 INFO  b.p.controller.CommentControllerTest - Started CommentControllerTest in 11.435 seconds (process running for 25.096)
2025-01-10 04:08:40 INFO  c.netflix.discovery.DiscoveryClient - DiscoveryClient_COMMENT-SERVICE/localhost:comment-service:8097 - registration status: 204
2025-01-10 04:08:40 INFO  o.s.c.n.e.s.EurekaServiceRegistry - Unregistering application COMMENT-SERVICE with eureka with status DOWN
2025-01-10 04:08:40 INFO  c.netflix.discovery.DiscoveryClient - Saw local status change event StatusChangeEvent [timestamp=1736478520876, current=DOWN, previous=UP]
2025-01-10 04:08:40 INFO  c.netflix.discovery.DiscoveryClient - DiscoveryClient_COMMENT-SERVICE/localhost:comment-service:8097: registering service...
2025-01-10 04:08:40 INFO  o.s.o.j.LocalContainerEntityManagerFactoryBean - Closing JPA EntityManagerFactory for persistence unit 'default'
2025-01-10 04:08:40 INFO  c.netflix.discovery.DiscoveryClient - DiscoveryClient_COMMENT-SERVICE/localhost:comment-service:8097 - registration status: 204
2025-01-10 04:08:40 INFO  com.zaxxer.hikari.HikariDataSource - HikariPool-1 - Shutdown initiated...
2025-01-10 04:08:40 INFO  com.zaxxer.hikari.HikariDataSource - HikariPool-1 - Shutdown completed.
2025-01-10 04:08:40 INFO  c.netflix.discovery.DiscoveryClient - Shutting down DiscoveryClient ...
2025-01-10 04:08:43 INFO  c.netflix.discovery.DiscoveryClient - Unregistering ...
2025-01-10 04:08:43 INFO  c.netflix.discovery.DiscoveryClient - DiscoveryClient_COMMENT-SERVICE/localhost:comment-service:8097 - deregister  status: 200
2025-01-10 04:08:43 INFO  c.netflix.discovery.DiscoveryClient - Completed shut down of DiscoveryClient
2025-01-10 04:09:03 INFO  b.p.controller.CommentControllerTest - Starting CommentControllerTest using Java 21.0.1 with PID 25956 (started by Semih in C:\Users\Semih\Desktop\School\3TIN\Fullstack\Java\project-SemihAltintasPXL\backend-java\Publishy\comment-service)
2025-01-10 04:09:03 INFO  b.p.controller.CommentControllerTest - No active profile set, falling back to 1 default profile: "default"
2025-01-10 04:09:03 INFO  o.s.c.c.c.ConfigServerConfigDataLoader - Fetching config from server at : http://localhost:8094/
2025-01-10 04:09:03 INFO  o.s.c.c.c.ConfigServerConfigDataLoader - Located environment: name=comment-service, profiles=[default], label=null, version=null, state=null
2025-01-10 04:09:04 INFO  o.s.d.r.c.RepositoryConfigurationDelegate - Bootstrapping Spring Data JPA repositories in DEFAULT mode.
2025-01-10 04:09:04 INFO  o.s.d.r.c.RepositoryConfigurationDelegate - Finished Spring Data repository scanning in 159 ms. Found 1 JPA repository interface.
2025-01-10 04:09:05 INFO  o.s.cloud.context.scope.GenericScope - BeanFactory id=53594050-0352-3c17-a85f-6411c5e92834
2025-01-10 04:09:06 WARN  o.s.c.s.PostProcessorRegistrationDelegate$BeanPostProcessorChecker - Bean 'org.springframework.cloud.client.loadbalancer.LoadBalancerAutoConfiguration$DeferringLoadBalancerInterceptorConfig' of type [org.springframework.cloud.client.loadbalancer.LoadBalancerAutoConfiguration$DeferringLoadBalancerInterceptorConfig] is not eligible for getting processed by all BeanPostProcessors (for example: not eligible for auto-proxying). The currently created BeanPostProcessor [lbRestClientPostProcessor] is declared through a non-static factory method on that class; consider declaring it as static instead.
2025-01-10 04:09:06 WARN  o.s.c.s.PostProcessorRegistrationDelegate$BeanPostProcessorChecker - Bean 'deferringLoadBalancerInterceptor' of type [org.springframework.cloud.client.loadbalancer.DeferringLoadBalancerInterceptor] is not eligible for getting processed by all BeanPostProcessors (for example: not eligible for auto-proxying). Is this bean getting eagerly injected/applied to a currently created BeanPostProcessor [lbRestClientPostProcessor]? Check the corresponding BeanPostProcessor declaration and its dependencies/advisors. If this bean does not have to be post-processed, declare it with ROLE_INFRASTRUCTURE.
2025-01-10 04:09:06 INFO  o.h.jpa.internal.util.LogHelper - HHH000204: Processing PersistenceUnitInfo [name: default]
2025-01-10 04:09:06 INFO  org.hibernate.Version - HHH000412: Hibernate ORM core version 6.5.3.Final
2025-01-10 04:09:06 INFO  o.h.c.i.RegionFactoryInitiator - HHH000026: Second-level cache disabled
2025-01-10 04:09:06 INFO  o.s.o.j.p.SpringPersistenceUnitInfo - No LoadTimeWeaver setup: ignoring JPA class transformer
2025-01-10 04:09:07 INFO  com.zaxxer.hikari.HikariDataSource - HikariPool-1 - Starting...
2025-01-10 04:09:07 INFO  com.zaxxer.hikari.pool.HikariPool - HikariPool-1 - Added connection com.mysql.cj.jdbc.ConnectionImpl@615bd28b
2025-01-10 04:09:07 INFO  com.zaxxer.hikari.HikariDataSource - HikariPool-1 - Start completed.
2025-01-10 04:09:07 WARN  org.hibernate.dialect.Dialect - HHH000511: The 5.7.37 version for [org.hibernate.dialect.MySQLDialect] is no longer supported, hence certain features may not work properly. The minimum supported version is 8.0.0. Check the community dialects project for available legacy versions.
2025-01-10 04:09:07 WARN  org.hibernate.orm.deprecation - HHH90000025: MySQLDialect does not need to be specified explicitly using 'hibernate.dialect' (remove the property setting and it will be selected by default)
2025-01-10 04:09:08 INFO  o.h.e.t.j.p.i.JtaPlatformInitiator - HHH000489: No JTA platform available (set 'hibernate.transaction.jta.platform' to enable JTA platform integration)
2025-01-10 04:09:08 INFO  o.s.o.j.LocalContainerEntityManagerFactoryBean - Initialized JPA EntityManagerFactory for persistence unit 'default'
2025-01-10 04:09:08 WARN  o.s.b.a.o.j.JpaBaseConfiguration$JpaWebConfiguration - spring.jpa.open-in-view is enabled by default. Therefore, database queries may be performed during view rendering. Explicitly configure spring.jpa.open-in-view to disable this warning
2025-01-10 04:09:09 INFO  o.s.b.t.m.w.SpringBootMockServletContext - Initializing Spring TestDispatcherServlet ''
2025-01-10 04:09:09 INFO  o.s.t.w.s.TestDispatcherServlet - Initializing Servlet ''
2025-01-10 04:09:09 INFO  o.s.t.w.s.TestDispatcherServlet - Completed initialization in 1 ms
2025-01-10 04:09:10 INFO  o.s.cloud.commons.util.InetUtils - Cannot determine local hostname
2025-01-10 04:09:11 INFO  o.s.cloud.commons.util.InetUtils - Cannot determine local hostname
2025-01-10 04:09:11 INFO  o.s.c.n.e.c.DiscoveryClientOptionalArgsConfiguration - Eureka HTTP Client uses RestTemplate.
2025-01-10 04:09:11 WARN  o.s.c.l.c.LoadBalancerCacheAutoConfiguration$LoadBalancerCaffeineWarnLogger - Spring Cloud LoadBalancer is currently working with the default cache. While this cache implementation is useful for development and tests, it's recommended to use Caffeine cache in production.You can switch to using Caffeine cache, by adding it and org.springframework.cache.caffeine.CaffeineCacheManager to the classpath.
2025-01-10 04:09:11 INFO  o.s.c.n.eureka.InstanceInfoFactory - Setting initial instance status as: STARTING
2025-01-10 04:09:12 INFO  c.netflix.discovery.DiscoveryClient - Initializing Eureka in region us-east-1
2025-01-10 04:09:12 INFO  c.n.d.s.r.aws.ConfigClusterResolver - Resolving eureka endpoints via configuration
2025-01-10 04:09:12 INFO  c.netflix.discovery.DiscoveryClient - Disable delta property : false
2025-01-10 04:09:12 INFO  c.netflix.discovery.DiscoveryClient - Single vip registry refresh property : null
2025-01-10 04:09:12 INFO  c.netflix.discovery.DiscoveryClient - Force full registry fetch : false
2025-01-10 04:09:12 INFO  c.netflix.discovery.DiscoveryClient - Application is null : false
2025-01-10 04:09:12 INFO  c.netflix.discovery.DiscoveryClient - Registered Applications size is zero : true
2025-01-10 04:09:12 INFO  c.netflix.discovery.DiscoveryClient - Application version is -1: true
2025-01-10 04:09:12 INFO  c.netflix.discovery.DiscoveryClient - Getting all instance registry info from the eureka server
2025-01-10 04:09:12 INFO  c.netflix.discovery.DiscoveryClient - The response status is 200
2025-01-10 04:09:12 INFO  c.netflix.discovery.DiscoveryClient - Starting heartbeat executor: renew interval is: 30
2025-01-10 04:09:12 INFO  c.n.discovery.InstanceInfoReplicator - InstanceInfoReplicator onDemand update allowed rate per min is 4
2025-01-10 04:09:12 INFO  c.netflix.discovery.DiscoveryClient - Discovery Client initialized at timestamp 1736478552385 with initial instances count: 5
2025-01-10 04:09:12 INFO  o.s.c.n.e.s.EurekaServiceRegistry - Registering application COMMENT-SERVICE with eureka with status UP
2025-01-10 04:09:12 INFO  c.netflix.discovery.DiscoveryClient - Saw local status change event StatusChangeEvent [timestamp=1736478552402, current=UP, previous=STARTING]
2025-01-10 04:09:12 INFO  c.netflix.discovery.DiscoveryClient - DiscoveryClient_COMMENT-SERVICE/localhost:comment-service:8097: registering service...
2025-01-10 04:09:12 INFO  b.p.controller.CommentControllerTest - Started CommentControllerTest in 10.761 seconds (process running for 23.773)
2025-01-10 04:09:12 INFO  c.netflix.discovery.DiscoveryClient - DiscoveryClient_COMMENT-SERVICE/localhost:comment-service:8097 - registration status: 204
2025-01-10 04:09:13 INFO  o.s.c.n.e.s.EurekaServiceRegistry - Unregistering application COMMENT-SERVICE with eureka with status DOWN
2025-01-10 04:09:13 INFO  c.netflix.discovery.DiscoveryClient - Saw local status change event StatusChangeEvent [timestamp=1736478553196, current=DOWN, previous=UP]
2025-01-10 04:09:13 INFO  c.netflix.discovery.DiscoveryClient - DiscoveryClient_COMMENT-SERVICE/localhost:comment-service:8097: registering service...
2025-01-10 04:09:13 INFO  o.s.o.j.LocalContainerEntityManagerFactoryBean - Closing JPA EntityManagerFactory for persistence unit 'default'
2025-01-10 04:09:13 INFO  c.netflix.discovery.DiscoveryClient - DiscoveryClient_COMMENT-SERVICE/localhost:comment-service:8097 - registration status: 204
2025-01-10 04:09:13 INFO  com.zaxxer.hikari.HikariDataSource - HikariPool-1 - Shutdown initiated...
2025-01-10 04:09:13 INFO  com.zaxxer.hikari.HikariDataSource - HikariPool-1 - Shutdown completed.
2025-01-10 04:09:13 INFO  c.netflix.discovery.DiscoveryClient - Shutting down DiscoveryClient ...
2025-01-10 04:09:16 INFO  c.netflix.discovery.DiscoveryClient - Unregistering ...
2025-01-10 04:09:16 INFO  c.netflix.discovery.DiscoveryClient - DiscoveryClient_COMMENT-SERVICE/localhost:comment-service:8097 - deregister  status: 200
2025-01-10 04:09:16 INFO  c.netflix.discovery.DiscoveryClient - Completed shut down of DiscoveryClient
2025-01-10 04:11:15 INFO  b.p.controller.CommentControllerTest - Starting CommentControllerTest using Java 21.0.1 with PID 5180 (started by Semih in C:\Users\Semih\Desktop\School\3TIN\Fullstack\Java\project-SemihAltintasPXL\backend-java\Publishy\comment-service)
2025-01-10 04:11:15 INFO  b.p.controller.CommentControllerTest - No active profile set, falling back to 1 default profile: "default"
2025-01-10 04:11:15 INFO  o.s.c.c.c.ConfigServerConfigDataLoader - Fetching config from server at : http://localhost:8094/
2025-01-10 04:11:15 INFO  o.s.c.c.c.ConfigServerConfigDataLoader - Located environment: name=comment-service, profiles=[default], label=null, version=null, state=null
2025-01-10 04:11:16 INFO  o.s.d.r.c.RepositoryConfigurationDelegate - Bootstrapping Spring Data JPA repositories in DEFAULT mode.
2025-01-10 04:11:17 INFO  o.s.d.r.c.RepositoryConfigurationDelegate - Finished Spring Data repository scanning in 270 ms. Found 1 JPA repository interface.
2025-01-10 04:11:17 INFO  o.s.cloud.context.scope.GenericScope - BeanFactory id=53594050-0352-3c17-a85f-6411c5e92834
2025-01-10 04:11:19 WARN  o.s.c.s.PostProcessorRegistrationDelegate$BeanPostProcessorChecker - Bean 'org.springframework.cloud.client.loadbalancer.LoadBalancerAutoConfiguration$DeferringLoadBalancerInterceptorConfig' of type [org.springframework.cloud.client.loadbalancer.LoadBalancerAutoConfiguration$DeferringLoadBalancerInterceptorConfig] is not eligible for getting processed by all BeanPostProcessors (for example: not eligible for auto-proxying). The currently created BeanPostProcessor [lbRestClientPostProcessor] is declared through a non-static factory method on that class; consider declaring it as static instead.
2025-01-10 04:11:19 WARN  o.s.c.s.PostProcessorRegistrationDelegate$BeanPostProcessorChecker - Bean 'deferringLoadBalancerInterceptor' of type [org.springframework.cloud.client.loadbalancer.DeferringLoadBalancerInterceptor] is not eligible for getting processed by all BeanPostProcessors (for example: not eligible for auto-proxying). Is this bean getting eagerly injected/applied to a currently created BeanPostProcessor [lbRestClientPostProcessor]? Check the corresponding BeanPostProcessor declaration and its dependencies/advisors. If this bean does not have to be post-processed, declare it with ROLE_INFRASTRUCTURE.
2025-01-10 04:11:19 INFO  o.h.jpa.internal.util.LogHelper - HHH000204: Processing PersistenceUnitInfo [name: default]
2025-01-10 04:11:20 INFO  org.hibernate.Version - HHH000412: Hibernate ORM core version 6.5.3.Final
2025-01-10 04:11:20 INFO  o.h.c.i.RegionFactoryInitiator - HHH000026: Second-level cache disabled
2025-01-10 04:11:20 INFO  o.s.o.j.p.SpringPersistenceUnitInfo - No LoadTimeWeaver setup: ignoring JPA class transformer
2025-01-10 04:11:20 INFO  com.zaxxer.hikari.HikariDataSource - HikariPool-1 - Starting...
2025-01-10 04:11:21 INFO  com.zaxxer.hikari.pool.HikariPool - HikariPool-1 - Added connection com.mysql.cj.jdbc.ConnectionImpl@238325eb
2025-01-10 04:11:21 INFO  com.zaxxer.hikari.HikariDataSource - HikariPool-1 - Start completed.
2025-01-10 04:11:21 WARN  org.hibernate.dialect.Dialect - HHH000511: The 5.7.37 version for [org.hibernate.dialect.MySQLDialect] is no longer supported, hence certain features may not work properly. The minimum supported version is 8.0.0. Check the community dialects project for available legacy versions.
2025-01-10 04:11:21 WARN  org.hibernate.orm.deprecation - HHH90000025: MySQLDialect does not need to be specified explicitly using 'hibernate.dialect' (remove the property setting and it will be selected by default)
2025-01-10 04:11:23 INFO  o.h.e.t.j.p.i.JtaPlatformInitiator - HHH000489: No JTA platform available (set 'hibernate.transaction.jta.platform' to enable JTA platform integration)
2025-01-10 04:11:23 INFO  o.s.o.j.LocalContainerEntityManagerFactoryBean - Initialized JPA EntityManagerFactory for persistence unit 'default'
2025-01-10 04:11:23 WARN  o.s.b.a.o.j.JpaBaseConfiguration$JpaWebConfiguration - spring.jpa.open-in-view is enabled by default. Therefore, database queries may be performed during view rendering. Explicitly configure spring.jpa.open-in-view to disable this warning
2025-01-10 04:11:25 INFO  o.s.b.t.m.w.SpringBootMockServletContext - Initializing Spring TestDispatcherServlet ''
2025-01-10 04:11:25 INFO  o.s.t.w.s.TestDispatcherServlet - Initializing Servlet ''
2025-01-10 04:11:25 INFO  o.s.t.w.s.TestDispatcherServlet - Completed initialization in 1 ms
2025-01-10 04:11:26 INFO  o.s.cloud.commons.util.InetUtils - Cannot determine local hostname
2025-01-10 04:11:27 INFO  o.s.cloud.commons.util.InetUtils - Cannot determine local hostname
2025-01-10 04:11:27 INFO  o.s.c.n.e.c.DiscoveryClientOptionalArgsConfiguration - Eureka HTTP Client uses RestTemplate.
2025-01-10 04:11:27 WARN  o.s.c.l.c.LoadBalancerCacheAutoConfiguration$LoadBalancerCaffeineWarnLogger - Spring Cloud LoadBalancer is currently working with the default cache. While this cache implementation is useful for development and tests, it's recommended to use Caffeine cache in production.You can switch to using Caffeine cache, by adding it and org.springframework.cache.caffeine.CaffeineCacheManager to the classpath.
2025-01-10 04:11:27 INFO  o.s.c.n.eureka.InstanceInfoFactory - Setting initial instance status as: STARTING
2025-01-10 04:11:27 INFO  c.netflix.discovery.DiscoveryClient - Initializing Eureka in region us-east-1
2025-01-10 04:11:27 INFO  c.n.d.s.r.aws.ConfigClusterResolver - Resolving eureka endpoints via configuration
2025-01-10 04:11:27 INFO  c.netflix.discovery.DiscoveryClient - Disable delta property : false
2025-01-10 04:11:27 INFO  c.netflix.discovery.DiscoveryClient - Single vip registry refresh property : null
2025-01-10 04:11:27 INFO  c.netflix.discovery.DiscoveryClient - Force full registry fetch : false
2025-01-10 04:11:27 INFO  c.netflix.discovery.DiscoveryClient - Application is null : false
2025-01-10 04:11:27 INFO  c.netflix.discovery.DiscoveryClient - Registered Applications size is zero : true
2025-01-10 04:11:27 INFO  c.netflix.discovery.DiscoveryClient - Application version is -1: true
2025-01-10 04:11:27 INFO  c.netflix.discovery.DiscoveryClient - Getting all instance registry info from the eureka server
2025-01-10 04:11:28 INFO  c.netflix.discovery.DiscoveryClient - The response status is 200
2025-01-10 04:11:28 INFO  c.netflix.discovery.DiscoveryClient - Starting heartbeat executor: renew interval is: 30
2025-01-10 04:11:28 INFO  c.n.discovery.InstanceInfoReplicator - InstanceInfoReplicator onDemand update allowed rate per min is 4
2025-01-10 04:11:28 INFO  c.netflix.discovery.DiscoveryClient - Discovery Client initialized at timestamp 1736478688250 with initial instances count: 5
2025-01-10 04:11:28 INFO  o.s.c.n.e.s.EurekaServiceRegistry - Registering application COMMENT-SERVICE with eureka with status UP
2025-01-10 04:11:28 INFO  c.netflix.discovery.DiscoveryClient - Saw local status change event StatusChangeEvent [timestamp=1736478688254, current=UP, previous=STARTING]
2025-01-10 04:11:28 INFO  c.netflix.discovery.DiscoveryClient - DiscoveryClient_COMMENT-SERVICE/localhost:comment-service:8097: registering service...
2025-01-10 04:11:28 INFO  b.p.controller.CommentControllerTest - Started CommentControllerTest in 15.218 seconds (process running for 31.628)
2025-01-10 04:11:28 INFO  c.netflix.discovery.DiscoveryClient - DiscoveryClient_COMMENT-SERVICE/localhost:comment-service:8097 - registration status: 204
2025-01-10 04:11:29 INFO  o.s.c.n.e.s.EurekaServiceRegistry - Unregistering application COMMENT-SERVICE with eureka with status DOWN
2025-01-10 04:11:29 INFO  c.netflix.discovery.DiscoveryClient - Saw local status change event StatusChangeEvent [timestamp=1736478689454, current=DOWN, previous=UP]
2025-01-10 04:11:29 INFO  c.netflix.discovery.DiscoveryClient - DiscoveryClient_COMMENT-SERVICE/localhost:comment-service:8097: registering service...
2025-01-10 04:11:29 INFO  o.s.o.j.LocalContainerEntityManagerFactoryBean - Closing JPA EntityManagerFactory for persistence unit 'default'
2025-01-10 04:11:29 INFO  c.netflix.discovery.DiscoveryClient - DiscoveryClient_COMMENT-SERVICE/localhost:comment-service:8097 - registration status: 204
2025-01-10 04:11:29 INFO  com.zaxxer.hikari.HikariDataSource - HikariPool-1 - Shutdown initiated...
2025-01-10 04:11:29 INFO  com.zaxxer.hikari.HikariDataSource - HikariPool-1 - Shutdown completed.
2025-01-10 04:11:29 INFO  c.netflix.discovery.DiscoveryClient - Shutting down DiscoveryClient ...
2025-01-10 04:11:32 INFO  c.netflix.discovery.DiscoveryClient - Unregistering ...
2025-01-10 04:11:32 INFO  c.netflix.discovery.DiscoveryClient - DiscoveryClient_COMMENT-SERVICE/localhost:comment-service:8097 - deregister  status: 200
2025-01-10 04:11:32 INFO  c.netflix.discovery.DiscoveryClient - Completed shut down of DiscoveryClient
2025-01-10 04:19:42 INFO  b.p.controller.CommentControllerTest - Starting CommentControllerTest using Java 21.0.1 with PID 30616 (started by Semih in C:\Users\Semih\Desktop\School\3TIN\Fullstack\Java\project-SemihAltintasPXL\backend-java\Publishy\comment-service)
2025-01-10 04:19:42 INFO  b.p.controller.CommentControllerTest - No active profile set, falling back to 1 default profile: "default"
2025-01-10 04:19:42 INFO  o.s.c.c.c.ConfigServerConfigDataLoader - Fetching config from server at : http://localhost:8094/
2025-01-10 04:19:42 INFO  o.s.c.c.c.ConfigServerConfigDataLoader - Located environment: name=comment-service, profiles=[default], label=null, version=null, state=null
2025-01-10 04:19:43 INFO  o.s.d.r.c.RepositoryConfigurationDelegate - Bootstrapping Spring Data JPA repositories in DEFAULT mode.
2025-01-10 04:19:43 INFO  o.s.d.r.c.RepositoryConfigurationDelegate - Finished Spring Data repository scanning in 237 ms. Found 1 JPA repository interface.
2025-01-10 04:19:44 INFO  o.s.cloud.context.scope.GenericScope - BeanFactory id=53594050-0352-3c17-a85f-6411c5e92834
2025-01-10 04:19:46 WARN  o.s.c.s.PostProcessorRegistrationDelegate$BeanPostProcessorChecker - Bean 'org.springframework.cloud.client.loadbalancer.LoadBalancerAutoConfiguration$DeferringLoadBalancerInterceptorConfig' of type [org.springframework.cloud.client.loadbalancer.LoadBalancerAutoConfiguration$DeferringLoadBalancerInterceptorConfig] is not eligible for getting processed by all BeanPostProcessors (for example: not eligible for auto-proxying). The currently created BeanPostProcessor [lbRestClientPostProcessor] is declared through a non-static factory method on that class; consider declaring it as static instead.
2025-01-10 04:19:46 WARN  o.s.c.s.PostProcessorRegistrationDelegate$BeanPostProcessorChecker - Bean 'deferringLoadBalancerInterceptor' of type [org.springframework.cloud.client.loadbalancer.DeferringLoadBalancerInterceptor] is not eligible for getting processed by all BeanPostProcessors (for example: not eligible for auto-proxying). Is this bean getting eagerly injected/applied to a currently created BeanPostProcessor [lbRestClientPostProcessor]? Check the corresponding BeanPostProcessor declaration and its dependencies/advisors. If this bean does not have to be post-processed, declare it with ROLE_INFRASTRUCTURE.
2025-01-10 04:19:46 INFO  o.h.jpa.internal.util.LogHelper - HHH000204: Processing PersistenceUnitInfo [name: default]
2025-01-10 04:19:46 INFO  org.hibernate.Version - HHH000412: Hibernate ORM core version 6.5.3.Final
2025-01-10 04:19:46 INFO  o.h.c.i.RegionFactoryInitiator - HHH000026: Second-level cache disabled
2025-01-10 04:19:47 INFO  o.s.o.j.p.SpringPersistenceUnitInfo - No LoadTimeWeaver setup: ignoring JPA class transformer
2025-01-10 04:19:47 INFO  com.zaxxer.hikari.HikariDataSource - HikariPool-1 - Starting...
2025-01-10 04:19:47 INFO  com.zaxxer.hikari.pool.HikariPool - HikariPool-1 - Added connection com.mysql.cj.jdbc.ConnectionImpl@384f0a40
2025-01-10 04:19:47 INFO  com.zaxxer.hikari.HikariDataSource - HikariPool-1 - Start completed.
2025-01-10 04:19:47 WARN  org.hibernate.dialect.Dialect - HHH000511: The 5.7.37 version for [org.hibernate.dialect.MySQLDialect] is no longer supported, hence certain features may not work properly. The minimum supported version is 8.0.0. Check the community dialects project for available legacy versions.
2025-01-10 04:19:47 WARN  org.hibernate.orm.deprecation - HHH90000025: MySQLDialect does not need to be specified explicitly using 'hibernate.dialect' (remove the property setting and it will be selected by default)
2025-01-10 04:19:50 INFO  o.h.e.t.j.p.i.JtaPlatformInitiator - HHH000489: No JTA platform available (set 'hibernate.transaction.jta.platform' to enable JTA platform integration)
2025-01-10 04:19:50 INFO  o.s.o.j.LocalContainerEntityManagerFactoryBean - Initialized JPA EntityManagerFactory for persistence unit 'default'
2025-01-10 04:19:50 WARN  o.s.b.a.o.j.JpaBaseConfiguration$JpaWebConfiguration - spring.jpa.open-in-view is enabled by default. Therefore, database queries may be performed during view rendering. Explicitly configure spring.jpa.open-in-view to disable this warning
2025-01-10 04:19:51 INFO  o.s.b.t.m.w.SpringBootMockServletContext - Initializing Spring TestDispatcherServlet ''
2025-01-10 04:19:51 INFO  o.s.t.w.s.TestDispatcherServlet - Initializing Servlet ''
2025-01-10 04:19:51 INFO  o.s.t.w.s.TestDispatcherServlet - Completed initialization in 1 ms
2025-01-10 04:19:53 INFO  o.s.cloud.commons.util.InetUtils - Cannot determine local hostname
2025-01-10 04:19:54 INFO  o.s.cloud.commons.util.InetUtils - Cannot determine local hostname
2025-01-10 04:19:54 INFO  o.s.c.n.e.c.DiscoveryClientOptionalArgsConfiguration - Eureka HTTP Client uses RestTemplate.
2025-01-10 04:19:54 WARN  o.s.c.l.c.LoadBalancerCacheAutoConfiguration$LoadBalancerCaffeineWarnLogger - Spring Cloud LoadBalancer is currently working with the default cache. While this cache implementation is useful for development and tests, it's recommended to use Caffeine cache in production.You can switch to using Caffeine cache, by adding it and org.springframework.cache.caffeine.CaffeineCacheManager to the classpath.
2025-01-10 04:19:54 INFO  o.s.c.n.eureka.InstanceInfoFactory - Setting initial instance status as: STARTING
2025-01-10 04:19:54 INFO  c.netflix.discovery.DiscoveryClient - Initializing Eureka in region us-east-1
2025-01-10 04:19:54 INFO  c.n.d.s.r.aws.ConfigClusterResolver - Resolving eureka endpoints via configuration
2025-01-10 04:19:54 INFO  c.netflix.discovery.DiscoveryClient - Disable delta property : false
2025-01-10 04:19:54 INFO  c.netflix.discovery.DiscoveryClient - Single vip registry refresh property : null
2025-01-10 04:19:54 INFO  c.netflix.discovery.DiscoveryClient - Force full registry fetch : false
2025-01-10 04:19:54 INFO  c.netflix.discovery.DiscoveryClient - Application is null : false
2025-01-10 04:19:54 INFO  c.netflix.discovery.DiscoveryClient - Registered Applications size is zero : true
2025-01-10 04:19:54 INFO  c.netflix.discovery.DiscoveryClient - Application version is -1: true
2025-01-10 04:19:54 INFO  c.netflix.discovery.DiscoveryClient - Getting all instance registry info from the eureka server
2025-01-10 04:19:55 INFO  c.netflix.discovery.DiscoveryClient - The response status is 200
2025-01-10 04:19:55 INFO  c.netflix.discovery.DiscoveryClient - Starting heartbeat executor: renew interval is: 30
2025-01-10 04:19:55 INFO  c.n.discovery.InstanceInfoReplicator - InstanceInfoReplicator onDemand update allowed rate per min is 4
2025-01-10 04:19:55 INFO  c.netflix.discovery.DiscoveryClient - Discovery Client initialized at timestamp 1736479195061 with initial instances count: 5
2025-01-10 04:19:55 INFO  o.s.c.n.e.s.EurekaServiceRegistry - Registering application COMMENT-SERVICE with eureka with status UP
2025-01-10 04:19:55 INFO  c.netflix.discovery.DiscoveryClient - Saw local status change event StatusChangeEvent [timestamp=1736479195066, current=UP, previous=STARTING]
2025-01-10 04:19:55 INFO  c.netflix.discovery.DiscoveryClient - DiscoveryClient_COMMENT-SERVICE/localhost:comment-service:8097: registering service...
2025-01-10 04:19:55 INFO  b.p.controller.CommentControllerTest - Started CommentControllerTest in 15.349 seconds (process running for 31.123)
2025-01-10 04:19:55 INFO  c.netflix.discovery.DiscoveryClient - DiscoveryClient_COMMENT-SERVICE/localhost:comment-service:8097 - registration status: 204
2025-01-10 04:19:56 INFO  o.s.c.n.e.s.EurekaServiceRegistry - Unregistering application COMMENT-SERVICE with eureka with status DOWN
2025-01-10 04:19:56 INFO  c.netflix.discovery.DiscoveryClient - Saw local status change event StatusChangeEvent [timestamp=1736479196479, current=DOWN, previous=UP]
2025-01-10 04:19:56 INFO  c.netflix.discovery.DiscoveryClient - DiscoveryClient_COMMENT-SERVICE/localhost:comment-service:8097: registering service...
2025-01-10 04:19:56 INFO  c.netflix.discovery.DiscoveryClient - DiscoveryClient_COMMENT-SERVICE/localhost:comment-service:8097 - registration status: 204
2025-01-10 04:19:56 INFO  o.s.o.j.LocalContainerEntityManagerFactoryBean - Closing JPA EntityManagerFactory for persistence unit 'default'
2025-01-10 04:19:56 INFO  com.zaxxer.hikari.HikariDataSource - HikariPool-1 - Shutdown initiated...
2025-01-10 04:19:56 INFO  com.zaxxer.hikari.HikariDataSource - HikariPool-1 - Shutdown completed.
2025-01-10 04:19:56 INFO  c.netflix.discovery.DiscoveryClient - Shutting down DiscoveryClient ...
2025-01-10 04:19:59 INFO  c.netflix.discovery.DiscoveryClient - Unregistering ...
2025-01-10 04:19:59 INFO  c.netflix.discovery.DiscoveryClient - DiscoveryClient_COMMENT-SERVICE/localhost:comment-service:8097 - deregister  status: 200
2025-01-10 04:19:59 INFO  c.netflix.discovery.DiscoveryClient - Completed shut down of DiscoveryClient
