2025-01-12 18:11:17 INFO  b.pxl.controller.PostControllerTest - Starting PostControllerTest using Java 21.0.1 with PID 24072 (started by Semih in C:\Users\Semih\Desktop\School\3TIN\Fullstack\Java\project-SemihAltintasPXL\backend-java\Publishy\post-service)
2025-01-12 18:11:17 INFO  b.pxl.controller.PostControllerTest - No active profile set, falling back to 1 default profile: "default"
2025-01-12 18:11:17 INFO  o.s.c.c.c.ConfigServerConfigDataLoader - Fetching config from server at : http://localhost:8094/
2025-01-12 18:11:17 INFO  o.s.c.c.c.ConfigServerConfigDataLoader - Located environment: name=post-service, profiles=[default], label=null, version=null, state=null
2025-01-12 18:11:20 INFO  o.s.d.r.c.RepositoryConfigurationDelegate - Bootstrapping Spring Data JPA repositories in DEFAULT mode.
2025-01-12 18:11:21 INFO  o.s.d.r.c.RepositoryConfigurationDelegate - Finished Spring Data repository scanning in 481 ms. Found 1 JPA repository interface.
2025-01-12 18:11:22 INFO  o.s.cloud.context.scope.GenericScope - BeanFactory id=9332d397-97c8-36db-ab85-582422c63384
2025-01-12 18:11:25 WARN  o.s.c.s.PostProcessorRegistrationDelegate$BeanPostProcessorChecker - Bean 'org.springframework.cloud.client.loadbalancer.LoadBalancerAutoConfiguration$DeferringLoadBalancerInterceptorConfig' of type [org.springframework.cloud.client.loadbalancer.LoadBalancerAutoConfiguration$DeferringLoadBalancerInterceptorConfig] is not eligible for getting processed by all BeanPostProcessors (for example: not eligible for auto-proxying). The currently created BeanPostProcessor [lbRestClientPostProcessor] is declared through a non-static factory method on that class; consider declaring it as static instead.
2025-01-12 18:11:25 WARN  o.s.c.s.PostProcessorRegistrationDelegate$BeanPostProcessorChecker - Bean 'deferringLoadBalancerInterceptor' of type [org.springframework.cloud.client.loadbalancer.DeferringLoadBalancerInterceptor] is not eligible for getting processed by all BeanPostProcessors (for example: not eligible for auto-proxying). Is this bean getting eagerly injected/applied to a currently created BeanPostProcessor [lbRestClientPostProcessor]? Check the corresponding BeanPostProcessor declaration and its dependencies/advisors. If this bean does not have to be post-processed, declare it with ROLE_INFRASTRUCTURE.
2025-01-12 18:11:26 INFO  o.h.jpa.internal.util.LogHelper - HHH000204: Processing PersistenceUnitInfo [name: default]
2025-01-12 18:11:26 INFO  org.hibernate.Version - HHH000412: Hibernate ORM core version 6.5.3.Final
2025-01-12 18:11:26 INFO  o.h.c.i.RegionFactoryInitiator - HHH000026: Second-level cache disabled
2025-01-12 18:11:27 INFO  o.s.o.j.p.SpringPersistenceUnitInfo - No LoadTimeWeaver setup: ignoring JPA class transformer
2025-01-12 18:11:27 INFO  com.zaxxer.hikari.HikariDataSource - HikariPool-1 - Starting...
2025-01-12 18:11:28 INFO  com.zaxxer.hikari.pool.HikariPool - HikariPool-1 - Added connection com.mysql.cj.jdbc.ConnectionImpl@7ec52f9a
2025-01-12 18:11:28 INFO  com.zaxxer.hikari.HikariDataSource - HikariPool-1 - Start completed.
2025-01-12 18:11:28 WARN  org.hibernate.dialect.Dialect - HHH000511: The 5.7.37 version for [org.hibernate.dialect.MySQLDialect] is no longer supported, hence certain features may not work properly. The minimum supported version is 8.0.0. Check the community dialects project for available legacy versions.
2025-01-12 18:11:28 WARN  org.hibernate.orm.deprecation - HHH90000025: MySQLDialect does not need to be specified explicitly using 'hibernate.dialect' (remove the property setting and it will be selected by default)
2025-01-12 18:11:32 INFO  o.h.e.t.j.p.i.JtaPlatformInitiator - HHH000489: No JTA platform available (set 'hibernate.transaction.jta.platform' to enable JTA platform integration)
2025-01-12 18:11:32 INFO  o.s.o.j.LocalContainerEntityManagerFactoryBean - Initialized JPA EntityManagerFactory for persistence unit 'default'
2025-01-12 18:11:33 WARN  o.s.b.a.o.j.JpaBaseConfiguration$JpaWebConfiguration - spring.jpa.open-in-view is enabled by default. Therefore, database queries may be performed during view rendering. Explicitly configure spring.jpa.open-in-view to disable this warning
2025-01-12 18:11:34 INFO  o.s.cloud.commons.util.InetUtils - Cannot determine local hostname
2025-01-12 18:11:35 INFO  o.s.c.o.FeignClientFactoryBean - For 'notification-service' URL not provided. Will try picking an instance via load-balancing.
2025-01-12 18:11:37 INFO  o.s.b.t.m.w.SpringBootMockServletContext - Initializing Spring TestDispatcherServlet ''
2025-01-12 18:11:37 INFO  o.s.t.w.s.TestDispatcherServlet - Initializing Servlet ''
2025-01-12 18:11:37 INFO  o.s.t.w.s.TestDispatcherServlet - Completed initialization in 1 ms
2025-01-12 18:11:38 INFO  o.s.cloud.commons.util.InetUtils - Cannot determine local hostname
2025-01-12 18:11:38 INFO  o.s.c.n.e.c.DiscoveryClientOptionalArgsConfiguration - Eureka HTTP Client uses RestTemplate.
2025-01-12 18:11:38 WARN  o.s.c.l.c.LoadBalancerCacheAutoConfiguration$LoadBalancerCaffeineWarnLogger - Spring Cloud LoadBalancer is currently working with the default cache. While this cache implementation is useful for development and tests, it's recommended to use Caffeine cache in production.You can switch to using Caffeine cache, by adding it and org.springframework.cache.caffeine.CaffeineCacheManager to the classpath.
2025-01-12 18:11:38 INFO  o.s.c.n.eureka.InstanceInfoFactory - Setting initial instance status as: STARTING
2025-01-12 18:11:39 INFO  c.netflix.discovery.DiscoveryClient - Initializing Eureka in region us-east-1
2025-01-12 18:11:39 INFO  c.n.d.s.r.aws.ConfigClusterResolver - Resolving eureka endpoints via configuration
2025-01-12 18:11:39 INFO  c.netflix.discovery.DiscoveryClient - Disable delta property : false
2025-01-12 18:11:39 INFO  c.netflix.discovery.DiscoveryClient - Single vip registry refresh property : null
2025-01-12 18:11:39 INFO  c.netflix.discovery.DiscoveryClient - Force full registry fetch : false
2025-01-12 18:11:39 INFO  c.netflix.discovery.DiscoveryClient - Application is null : false
2025-01-12 18:11:39 INFO  c.netflix.discovery.DiscoveryClient - Registered Applications size is zero : true
2025-01-12 18:11:39 INFO  c.netflix.discovery.DiscoveryClient - Application version is -1: true
2025-01-12 18:11:39 INFO  c.netflix.discovery.DiscoveryClient - Getting all instance registry info from the eureka server
2025-01-12 18:11:40 INFO  c.netflix.discovery.DiscoveryClient - The response status is 200
2025-01-12 18:11:40 INFO  c.netflix.discovery.DiscoveryClient - Starting heartbeat executor: renew interval is: 30
2025-01-12 18:11:40 INFO  c.n.discovery.InstanceInfoReplicator - InstanceInfoReplicator onDemand update allowed rate per min is 4
2025-01-12 18:11:40 INFO  c.netflix.discovery.DiscoveryClient - Discovery Client initialized at timestamp 1736701900537 with initial instances count: 5
2025-01-12 18:11:40 INFO  o.s.c.n.e.s.EurekaServiceRegistry - Registering application POST-SERVICE with eureka with status UP
2025-01-12 18:11:40 INFO  c.netflix.discovery.DiscoveryClient - Saw local status change event StatusChangeEvent [timestamp=1736701900543, current=UP, previous=STARTING]
2025-01-12 18:11:40 INFO  c.netflix.discovery.DiscoveryClient - DiscoveryClient_POST-SERVICE/localhost:post-service:8093: registering service...
2025-01-12 18:11:40 INFO  o.s.a.r.c.CachingConnectionFactory - Attempting to connect to: [localhost:5672]
2025-01-12 18:11:40 INFO  c.netflix.discovery.DiscoveryClient - DiscoveryClient_POST-SERVICE/localhost:post-service:8093 - registration status: 204
2025-01-12 18:11:40 INFO  o.s.a.r.c.CachingConnectionFactory - Created new connection: rabbitConnectionFactory#6592d7b6:0/SimpleConnection@1524d945 [delegate=amqp://guest@127.0.0.1:5672/, localPort=55651]
2025-01-12 18:11:41 INFO  b.pxl.controller.PostControllerTest - Started PostControllerTest in 28.06 seconds (process running for 57.045)
2025-01-12 18:11:41 WARN  o.s.w.s.m.s.DefaultHandlerExceptionResolver - Resolved [org.springframework.web.bind.MissingRequestHeaderException: Required request header 'user-role' for method parameter type String is not present]
2025-01-12 18:11:41 INFO  b.pxl.services.services.PostService - Fetching post by ID: 1
2025-01-12 18:11:42 INFO  b.pxl.services.services.PostService - Fetching all posts
2025-01-12 18:11:42 INFO  b.pxl.services.services.PostService - Fetching all pending posts
2025-01-12 18:11:42 INFO  b.pxl.services.services.PostService - Fetching all rejected posts
2025-01-12 18:11:42 INFO  b.pxl.services.services.PostService - Fetching all approved posts
2025-01-12 18:11:42 WARN  o.s.w.s.m.s.DefaultHandlerExceptionResolver - Resolved [org.springframework.web.bind.MissingRequestHeaderException: Required request header 'user-role' for method parameter type String is not present]
2025-01-12 18:11:44 INFO  b.pxl.services.services.PostService - Changing post to approved with ID: 1
2025-01-12 18:11:44 INFO  b.pxl.services.services.PostService - Post approved and notification sent for post ID: 1
2025-01-12 18:11:44 INFO  b.pxl.services.services.PostService - Updating post with ID: 1
2025-01-12 18:11:44 INFO  b.pxl.services.services.PostService - Updating post with ID: 1
2025-01-12 18:11:44 INFO  b.pxl.services.services.PostService - Post updated with ID: 1
2025-01-12 18:11:44 INFO  b.pxl.services.services.PostService - Fetching post by ID: 1
2025-01-12 18:11:44 INFO  b.pxl.services.services.PostService - Fetching post by ID: 1
2025-01-12 18:11:44 INFO  b.pxl.services.services.PostService - Changing post to rejected with ID: 1
2025-01-12 18:11:44 INFO  b.pxl.services.services.PostService - Fetching all posts
2025-01-12 18:11:44 INFO  b.pxl.services.services.PostService - Fetching all pending posts
2025-01-12 18:11:44 INFO  b.pxl.services.services.PostService - Fetching all rejected posts
2025-01-12 18:11:44 INFO  b.pxl.services.services.PostService - Changing post to rejected with ID: 1
2025-01-12 18:11:44 INFO  b.pxl.services.services.PostService - Post rejected and notification sent for post ID: 1
2025-01-12 18:11:44 INFO  b.pxl.services.services.PostService - Changing post to approved with ID: 1
2025-01-12 18:11:44 INFO  b.pxl.services.services.PostService - Fetching all approved posts
2025-01-12 18:11:44 INFO  b.pxl.services.services.PostService - Saving post as concept: PostRequest(id=null, title=New Post, content=This is a new post., author=null, created=null)
2025-01-12 18:11:44 INFO  b.pxl.services.services.PostService - Post saved as concept with ID: null
2025-01-12 18:11:44 INFO  o.s.c.n.e.s.EurekaServiceRegistry - Unregistering application POST-SERVICE with eureka with status DOWN
2025-01-12 18:11:44 INFO  c.netflix.discovery.DiscoveryClient - Saw local status change event StatusChangeEvent [timestamp=1736701904848, current=DOWN, previous=UP]
2025-01-12 18:11:44 INFO  c.netflix.discovery.DiscoveryClient - DiscoveryClient_POST-SERVICE/localhost:post-service:8093: registering service...
2025-01-12 18:11:44 INFO  c.netflix.discovery.DiscoveryClient - DiscoveryClient_POST-SERVICE/localhost:post-service:8093 - registration status: 204
2025-01-12 18:11:44 INFO  o.s.a.r.l.SimpleMessageListenerContainer - Waiting for workers to finish.
2025-01-12 18:11:44 INFO  o.s.a.r.l.SimpleMessageListenerContainer - Waiting for workers to finish.
2025-01-12 18:11:45 INFO  o.s.a.r.l.SimpleMessageListenerContainer - Successfully waited for workers to finish.
2025-01-12 18:11:45 INFO  o.s.a.r.l.SimpleMessageListenerContainer - Successfully waited for workers to finish.
2025-01-12 18:11:45 INFO  o.s.o.j.LocalContainerEntityManagerFactoryBean - Closing JPA EntityManagerFactory for persistence unit 'default'
2025-01-12 18:11:45 INFO  com.zaxxer.hikari.HikariDataSource - HikariPool-1 - Shutdown initiated...
2025-01-12 18:11:45 INFO  com.zaxxer.hikari.HikariDataSource - HikariPool-1 - Shutdown completed.
2025-01-12 18:11:45 INFO  c.netflix.discovery.DiscoveryClient - Shutting down DiscoveryClient ...
2025-01-12 18:11:48 INFO  c.netflix.discovery.DiscoveryClient - Unregistering ...
2025-01-12 18:11:48 INFO  c.netflix.discovery.DiscoveryClient - DiscoveryClient_POST-SERVICE/localhost:post-service:8093 - deregister  status: 200
2025-01-12 18:11:48 INFO  c.netflix.discovery.DiscoveryClient - Completed shut down of DiscoveryClient
2025-01-12 18:25:29 INFO  b.pxl.controller.PostControllerTest - Starting PostControllerTest using Java 21.0.1 with PID 34988 (started by Semih in C:\Users\Semih\Desktop\School\3TIN\Fullstack\Java\project-SemihAltintasPXL\backend-java\Publishy\post-service)
2025-01-12 18:25:29 INFO  b.pxl.controller.PostControllerTest - No active profile set, falling back to 1 default profile: "default"
2025-01-12 18:25:29 INFO  o.s.c.c.c.ConfigServerConfigDataLoader - Fetching config from server at : http://localhost:8094/
2025-01-12 18:25:29 INFO  o.s.c.c.c.ConfigServerConfigDataLoader - Located environment: name=post-service, profiles=[default], label=null, version=null, state=null
2025-01-12 18:25:33 INFO  o.s.d.r.c.RepositoryConfigurationDelegate - Bootstrapping Spring Data JPA repositories in DEFAULT mode.
2025-01-12 18:25:33 INFO  o.s.d.r.c.RepositoryConfigurationDelegate - Finished Spring Data repository scanning in 770 ms. Found 1 JPA repository interface.
2025-01-12 18:25:35 INFO  o.s.cloud.context.scope.GenericScope - BeanFactory id=9332d397-97c8-36db-ab85-582422c63384
2025-01-12 18:25:40 WARN  o.s.c.s.PostProcessorRegistrationDelegate$BeanPostProcessorChecker - Bean 'org.springframework.cloud.client.loadbalancer.LoadBalancerAutoConfiguration$DeferringLoadBalancerInterceptorConfig' of type [org.springframework.cloud.client.loadbalancer.LoadBalancerAutoConfiguration$DeferringLoadBalancerInterceptorConfig] is not eligible for getting processed by all BeanPostProcessors (for example: not eligible for auto-proxying). The currently created BeanPostProcessor [lbRestClientPostProcessor] is declared through a non-static factory method on that class; consider declaring it as static instead.
2025-01-12 18:25:40 WARN  o.s.c.s.PostProcessorRegistrationDelegate$BeanPostProcessorChecker - Bean 'deferringLoadBalancerInterceptor' of type [org.springframework.cloud.client.loadbalancer.DeferringLoadBalancerInterceptor] is not eligible for getting processed by all BeanPostProcessors (for example: not eligible for auto-proxying). Is this bean getting eagerly injected/applied to a currently created BeanPostProcessor [lbRestClientPostProcessor]? Check the corresponding BeanPostProcessor declaration and its dependencies/advisors. If this bean does not have to be post-processed, declare it with ROLE_INFRASTRUCTURE.
2025-01-12 18:25:41 INFO  o.h.jpa.internal.util.LogHelper - HHH000204: Processing PersistenceUnitInfo [name: default]
2025-01-12 18:25:41 INFO  org.hibernate.Version - HHH000412: Hibernate ORM core version 6.5.3.Final
2025-01-12 18:25:41 INFO  o.h.c.i.RegionFactoryInitiator - HHH000026: Second-level cache disabled
2025-01-12 18:25:42 INFO  o.s.o.j.p.SpringPersistenceUnitInfo - No LoadTimeWeaver setup: ignoring JPA class transformer
2025-01-12 18:25:42 INFO  com.zaxxer.hikari.HikariDataSource - HikariPool-1 - Starting...
2025-01-12 18:25:43 INFO  com.zaxxer.hikari.pool.HikariPool - HikariPool-1 - Added connection com.mysql.cj.jdbc.ConnectionImpl@31604302
2025-01-12 18:25:43 INFO  com.zaxxer.hikari.HikariDataSource - HikariPool-1 - Start completed.
2025-01-12 18:25:43 WARN  org.hibernate.dialect.Dialect - HHH000511: The 5.7.37 version for [org.hibernate.dialect.MySQLDialect] is no longer supported, hence certain features may not work properly. The minimum supported version is 8.0.0. Check the community dialects project for available legacy versions.
2025-01-12 18:25:43 WARN  org.hibernate.orm.deprecation - HHH90000025: MySQLDialect does not need to be specified explicitly using 'hibernate.dialect' (remove the property setting and it will be selected by default)
2025-01-12 18:25:47 INFO  o.h.e.t.j.p.i.JtaPlatformInitiator - HHH000489: No JTA platform available (set 'hibernate.transaction.jta.platform' to enable JTA platform integration)
2025-01-12 18:25:47 INFO  o.s.o.j.LocalContainerEntityManagerFactoryBean - Initialized JPA EntityManagerFactory for persistence unit 'default'
2025-01-12 18:25:48 WARN  o.s.b.a.o.j.JpaBaseConfiguration$JpaWebConfiguration - spring.jpa.open-in-view is enabled by default. Therefore, database queries may be performed during view rendering. Explicitly configure spring.jpa.open-in-view to disable this warning
2025-01-12 18:25:49 INFO  o.s.cloud.commons.util.InetUtils - Cannot determine local hostname
2025-01-12 18:25:49 INFO  o.s.c.o.FeignClientFactoryBean - For 'notification-service' URL not provided. Will try picking an instance via load-balancing.
2025-01-12 18:25:52 INFO  o.s.b.t.m.w.SpringBootMockServletContext - Initializing Spring TestDispatcherServlet ''
2025-01-12 18:25:52 INFO  o.s.t.w.s.TestDispatcherServlet - Initializing Servlet ''
2025-01-12 18:25:52 INFO  o.s.t.w.s.TestDispatcherServlet - Completed initialization in 2 ms
2025-01-12 18:25:53 INFO  o.s.cloud.commons.util.InetUtils - Cannot determine local hostname
2025-01-12 18:25:53 INFO  o.s.c.n.e.c.DiscoveryClientOptionalArgsConfiguration - Eureka HTTP Client uses RestTemplate.
2025-01-12 18:25:53 WARN  o.s.c.l.c.LoadBalancerCacheAutoConfiguration$LoadBalancerCaffeineWarnLogger - Spring Cloud LoadBalancer is currently working with the default cache. While this cache implementation is useful for development and tests, it's recommended to use Caffeine cache in production.You can switch to using Caffeine cache, by adding it and org.springframework.cache.caffeine.CaffeineCacheManager to the classpath.
2025-01-12 18:25:53 INFO  o.s.c.n.eureka.InstanceInfoFactory - Setting initial instance status as: STARTING
2025-01-12 18:25:54 INFO  c.netflix.discovery.DiscoveryClient - Initializing Eureka in region us-east-1
2025-01-12 18:25:54 INFO  c.n.d.s.r.aws.ConfigClusterResolver - Resolving eureka endpoints via configuration
2025-01-12 18:25:54 INFO  c.netflix.discovery.DiscoveryClient - Disable delta property : false
2025-01-12 18:25:54 INFO  c.netflix.discovery.DiscoveryClient - Single vip registry refresh property : null
2025-01-12 18:25:54 INFO  c.netflix.discovery.DiscoveryClient - Force full registry fetch : false
2025-01-12 18:25:54 INFO  c.netflix.discovery.DiscoveryClient - Application is null : false
2025-01-12 18:25:54 INFO  c.netflix.discovery.DiscoveryClient - Registered Applications size is zero : true
2025-01-12 18:25:54 INFO  c.netflix.discovery.DiscoveryClient - Application version is -1: true
2025-01-12 18:25:54 INFO  c.netflix.discovery.DiscoveryClient - Getting all instance registry info from the eureka server
2025-01-12 18:25:55 INFO  c.netflix.discovery.DiscoveryClient - The response status is 200
2025-01-12 18:25:55 INFO  c.netflix.discovery.DiscoveryClient - Starting heartbeat executor: renew interval is: 30
2025-01-12 18:25:55 INFO  c.n.discovery.InstanceInfoReplicator - InstanceInfoReplicator onDemand update allowed rate per min is 4
2025-01-12 18:25:55 INFO  c.netflix.discovery.DiscoveryClient - Discovery Client initialized at timestamp 1736702755182 with initial instances count: 5
2025-01-12 18:25:55 INFO  o.s.c.n.e.s.EurekaServiceRegistry - Registering application POST-SERVICE with eureka with status UP
2025-01-12 18:25:55 INFO  c.netflix.discovery.DiscoveryClient - Saw local status change event StatusChangeEvent [timestamp=1736702755198, current=UP, previous=STARTING]
2025-01-12 18:25:55 INFO  c.netflix.discovery.DiscoveryClient - DiscoveryClient_POST-SERVICE/localhost:post-service:8093: registering service...
2025-01-12 18:25:55 INFO  o.s.a.r.c.CachingConnectionFactory - Attempting to connect to: [localhost:5672]
2025-01-12 18:25:55 INFO  c.netflix.discovery.DiscoveryClient - DiscoveryClient_POST-SERVICE/localhost:post-service:8093 - registration status: 204
2025-01-12 18:25:55 INFO  o.s.a.r.c.CachingConnectionFactory - Created new connection: rabbitConnectionFactory#68a536e6:0/SimpleConnection@7b5ab810 [delegate=amqp://guest@127.0.0.1:5672/, localPort=57174]
2025-01-12 18:25:55 INFO  b.pxl.controller.PostControllerTest - Started PostControllerTest in 31.902 seconds (process running for 77.346)
2025-01-12 18:25:56 WARN  o.s.w.s.m.s.DefaultHandlerExceptionResolver - Resolved [org.springframework.web.bind.MissingRequestHeaderException: Required request header 'user-role' for method parameter type String is not present]
2025-01-12 18:25:56 INFO  b.pxl.services.services.PostService - Fetching post by ID: 1
2025-01-12 18:25:56 INFO  b.pxl.services.services.PostService - Fetching all posts
2025-01-12 18:25:56 INFO  b.pxl.services.services.PostService - Fetching all pending posts
2025-01-12 18:25:56 INFO  b.pxl.services.services.PostService - Fetching all rejected posts
2025-01-12 18:25:56 INFO  b.pxl.services.services.PostService - Fetching all approved posts
2025-01-12 18:25:56 WARN  o.s.w.s.m.s.DefaultHandlerExceptionResolver - Resolved [org.springframework.web.bind.MissingRequestHeaderException: Required request header 'user-role' for method parameter type String is not present]
2025-01-12 18:25:59 INFO  b.pxl.services.services.PostService - Changing post to approved with ID: 1
2025-01-12 18:25:59 INFO  b.pxl.services.services.PostService - Post approved and notification sent for post ID: 1
2025-01-12 18:25:59 INFO  b.pxl.services.services.PostService - Updating post with ID: 1
2025-01-12 18:25:59 INFO  b.pxl.services.services.PostService - Updating post with ID: 1
2025-01-12 18:25:59 INFO  b.pxl.services.services.PostService - Post updated with ID: 1
2025-01-12 18:25:59 INFO  b.pxl.services.services.PostService - Fetching post by ID: 1
2025-01-12 18:25:59 INFO  b.pxl.services.services.PostService - Fetching post by ID: 1
2025-01-12 18:25:59 INFO  b.pxl.services.services.PostService - Changing post to rejected with ID: 1
2025-01-12 18:25:59 INFO  b.pxl.services.services.PostService - Fetching all posts
2025-01-12 18:25:59 INFO  b.pxl.services.services.PostService - Fetching all pending posts
2025-01-12 18:25:59 INFO  b.pxl.services.services.PostService - Fetching all rejected posts
2025-01-12 18:25:59 INFO  b.pxl.services.services.PostService - Changing post to rejected with ID: 1
2025-01-12 18:25:59 INFO  b.pxl.services.services.PostService - Post rejected and notification sent for post ID: 1
2025-01-12 18:25:59 INFO  b.pxl.services.services.PostService - Changing post to approved with ID: 1
2025-01-12 18:25:59 INFO  b.pxl.services.services.PostService - Fetching all approved posts
2025-01-12 18:25:59 INFO  b.pxl.services.services.PostService - Saving post as concept: PostRequest(id=null, title=New Post, content=This is a new post., author=null, created=null)
2025-01-12 18:26:00 INFO  b.pxl.services.services.PostService - Post saved as concept with ID: null
2025-01-12 18:26:00 INFO  o.s.c.n.e.s.EurekaServiceRegistry - Unregistering application POST-SERVICE with eureka with status DOWN
2025-01-12 18:26:00 INFO  c.netflix.discovery.DiscoveryClient - Saw local status change event StatusChangeEvent [timestamp=1736702760161, current=DOWN, previous=UP]
2025-01-12 18:26:00 INFO  c.netflix.discovery.DiscoveryClient - DiscoveryClient_POST-SERVICE/localhost:post-service:8093: registering service...
2025-01-12 18:26:00 INFO  c.netflix.discovery.DiscoveryClient - DiscoveryClient_POST-SERVICE/localhost:post-service:8093 - registration status: 204
2025-01-12 18:26:00 INFO  o.s.a.r.l.SimpleMessageListenerContainer - Waiting for workers to finish.
2025-01-12 18:26:00 INFO  o.s.a.r.l.SimpleMessageListenerContainer - Waiting for workers to finish.
2025-01-12 18:26:00 INFO  o.s.a.r.l.SimpleMessageListenerContainer - Successfully waited for workers to finish.
2025-01-12 18:26:00 INFO  o.s.a.r.l.SimpleMessageListenerContainer - Successfully waited for workers to finish.
2025-01-12 18:26:00 INFO  o.s.o.j.LocalContainerEntityManagerFactoryBean - Closing JPA EntityManagerFactory for persistence unit 'default'
2025-01-12 18:26:00 INFO  com.zaxxer.hikari.HikariDataSource - HikariPool-1 - Shutdown initiated...
2025-01-12 18:26:00 INFO  com.zaxxer.hikari.HikariDataSource - HikariPool-1 - Shutdown completed.
2025-01-12 18:26:00 INFO  c.netflix.discovery.DiscoveryClient - Shutting down DiscoveryClient ...
2025-01-12 18:26:03 INFO  c.netflix.discovery.DiscoveryClient - Unregistering ...
2025-01-12 18:26:03 INFO  c.netflix.discovery.DiscoveryClient - DiscoveryClient_POST-SERVICE/localhost:post-service:8093 - deregister  status: 200
2025-01-12 18:26:03 INFO  c.netflix.discovery.DiscoveryClient - Completed shut down of DiscoveryClient
2025-01-12 18:28:44 INFO  b.pxl.controller.PostControllerTest - Starting PostControllerTest using Java 21.0.1 with PID 2832 (started by Semih in C:\Users\Semih\Desktop\School\3TIN\Fullstack\Java\project-SemihAltintasPXL\backend-java\Publishy\post-service)
2025-01-12 18:28:44 INFO  b.pxl.controller.PostControllerTest - No active profile set, falling back to 1 default profile: "default"
2025-01-12 18:28:44 INFO  o.s.c.c.c.ConfigServerConfigDataLoader - Fetching config from server at : http://localhost:8094/
2025-01-12 18:28:44 INFO  o.s.c.c.c.ConfigServerConfigDataLoader - Located environment: name=post-service, profiles=[default], label=null, version=null, state=null
2025-01-12 18:28:48 INFO  o.s.d.r.c.RepositoryConfigurationDelegate - Bootstrapping Spring Data JPA repositories in DEFAULT mode.
2025-01-12 18:28:49 INFO  o.s.d.r.c.RepositoryConfigurationDelegate - Finished Spring Data repository scanning in 712 ms. Found 1 JPA repository interface.
2025-01-12 18:28:50 INFO  o.s.cloud.context.scope.GenericScope - BeanFactory id=9332d397-97c8-36db-ab85-582422c63384
2025-01-12 18:28:54 WARN  o.s.c.s.PostProcessorRegistrationDelegate$BeanPostProcessorChecker - Bean 'org.springframework.cloud.client.loadbalancer.LoadBalancerAutoConfiguration$DeferringLoadBalancerInterceptorConfig' of type [org.springframework.cloud.client.loadbalancer.LoadBalancerAutoConfiguration$DeferringLoadBalancerInterceptorConfig] is not eligible for getting processed by all BeanPostProcessors (for example: not eligible for auto-proxying). The currently created BeanPostProcessor [lbRestClientPostProcessor] is declared through a non-static factory method on that class; consider declaring it as static instead.
2025-01-12 18:28:54 WARN  o.s.c.s.PostProcessorRegistrationDelegate$BeanPostProcessorChecker - Bean 'deferringLoadBalancerInterceptor' of type [org.springframework.cloud.client.loadbalancer.DeferringLoadBalancerInterceptor] is not eligible for getting processed by all BeanPostProcessors (for example: not eligible for auto-proxying). Is this bean getting eagerly injected/applied to a currently created BeanPostProcessor [lbRestClientPostProcessor]? Check the corresponding BeanPostProcessor declaration and its dependencies/advisors. If this bean does not have to be post-processed, declare it with ROLE_INFRASTRUCTURE.
2025-01-12 18:28:55 INFO  o.h.jpa.internal.util.LogHelper - HHH000204: Processing PersistenceUnitInfo [name: default]
2025-01-12 18:28:56 INFO  org.hibernate.Version - HHH000412: Hibernate ORM core version 6.5.3.Final
2025-01-12 18:28:56 INFO  o.h.c.i.RegionFactoryInitiator - HHH000026: Second-level cache disabled
2025-01-12 18:28:57 INFO  o.s.o.j.p.SpringPersistenceUnitInfo - No LoadTimeWeaver setup: ignoring JPA class transformer
2025-01-12 18:28:57 INFO  com.zaxxer.hikari.HikariDataSource - HikariPool-1 - Starting...
2025-01-12 18:28:57 INFO  com.zaxxer.hikari.pool.HikariPool - HikariPool-1 - Added connection com.mysql.cj.jdbc.ConnectionImpl@75181db7
2025-01-12 18:28:57 INFO  com.zaxxer.hikari.HikariDataSource - HikariPool-1 - Start completed.
2025-01-12 18:28:58 WARN  org.hibernate.dialect.Dialect - HHH000511: The 5.7.37 version for [org.hibernate.dialect.MySQLDialect] is no longer supported, hence certain features may not work properly. The minimum supported version is 8.0.0. Check the community dialects project for available legacy versions.
2025-01-12 18:28:58 WARN  org.hibernate.orm.deprecation - HHH90000025: MySQLDialect does not need to be specified explicitly using 'hibernate.dialect' (remove the property setting and it will be selected by default)
2025-01-12 18:29:01 INFO  o.h.e.t.j.p.i.JtaPlatformInitiator - HHH000489: No JTA platform available (set 'hibernate.transaction.jta.platform' to enable JTA platform integration)
2025-01-12 18:29:01 INFO  o.s.o.j.LocalContainerEntityManagerFactoryBean - Initialized JPA EntityManagerFactory for persistence unit 'default'
2025-01-12 18:29:02 WARN  o.s.b.a.o.j.JpaBaseConfiguration$JpaWebConfiguration - spring.jpa.open-in-view is enabled by default. Therefore, database queries may be performed during view rendering. Explicitly configure spring.jpa.open-in-view to disable this warning
2025-01-12 18:29:03 INFO  o.s.cloud.commons.util.InetUtils - Cannot determine local hostname
2025-01-12 18:29:04 INFO  o.s.c.o.FeignClientFactoryBean - For 'notification-service' URL not provided. Will try picking an instance via load-balancing.
2025-01-12 18:29:06 INFO  o.s.b.t.m.w.SpringBootMockServletContext - Initializing Spring TestDispatcherServlet ''
2025-01-12 18:29:06 INFO  o.s.t.w.s.TestDispatcherServlet - Initializing Servlet ''
2025-01-12 18:29:06 INFO  o.s.t.w.s.TestDispatcherServlet - Completed initialization in 2 ms
2025-01-12 18:29:07 INFO  o.s.cloud.commons.util.InetUtils - Cannot determine local hostname
2025-01-12 18:29:07 INFO  o.s.c.n.e.c.DiscoveryClientOptionalArgsConfiguration - Eureka HTTP Client uses RestTemplate.
2025-01-12 18:29:08 WARN  o.s.c.l.c.LoadBalancerCacheAutoConfiguration$LoadBalancerCaffeineWarnLogger - Spring Cloud LoadBalancer is currently working with the default cache. While this cache implementation is useful for development and tests, it's recommended to use Caffeine cache in production.You can switch to using Caffeine cache, by adding it and org.springframework.cache.caffeine.CaffeineCacheManager to the classpath.
2025-01-12 18:29:08 INFO  o.s.c.n.eureka.InstanceInfoFactory - Setting initial instance status as: STARTING
2025-01-12 18:29:08 INFO  c.netflix.discovery.DiscoveryClient - Initializing Eureka in region us-east-1
2025-01-12 18:29:08 INFO  c.n.d.s.r.aws.ConfigClusterResolver - Resolving eureka endpoints via configuration
2025-01-12 18:29:09 INFO  c.netflix.discovery.DiscoveryClient - Disable delta property : false
2025-01-12 18:29:09 INFO  c.netflix.discovery.DiscoveryClient - Single vip registry refresh property : null
2025-01-12 18:29:09 INFO  c.netflix.discovery.DiscoveryClient - Force full registry fetch : false
2025-01-12 18:29:09 INFO  c.netflix.discovery.DiscoveryClient - Application is null : false
2025-01-12 18:29:09 INFO  c.netflix.discovery.DiscoveryClient - Registered Applications size is zero : true
2025-01-12 18:29:09 INFO  c.netflix.discovery.DiscoveryClient - Application version is -1: true
2025-01-12 18:29:09 INFO  c.netflix.discovery.DiscoveryClient - Getting all instance registry info from the eureka server
2025-01-12 18:29:10 INFO  c.netflix.discovery.DiscoveryClient - The response status is 200
2025-01-12 18:29:10 INFO  c.netflix.discovery.DiscoveryClient - Starting heartbeat executor: renew interval is: 30
2025-01-12 18:29:10 INFO  c.n.discovery.InstanceInfoReplicator - InstanceInfoReplicator onDemand update allowed rate per min is 4
2025-01-12 18:29:10 INFO  c.netflix.discovery.DiscoveryClient - Discovery Client initialized at timestamp 1736702950279 with initial instances count: 5
2025-01-12 18:29:10 INFO  o.s.c.n.e.s.EurekaServiceRegistry - Registering application POST-SERVICE with eureka with status UP
2025-01-12 18:29:10 INFO  c.netflix.discovery.DiscoveryClient - Saw local status change event StatusChangeEvent [timestamp=1736702950290, current=UP, previous=STARTING]
2025-01-12 18:29:10 INFO  c.netflix.discovery.DiscoveryClient - DiscoveryClient_POST-SERVICE/localhost:post-service:8093: registering service...
2025-01-12 18:29:10 INFO  o.s.a.r.c.CachingConnectionFactory - Attempting to connect to: [localhost:5672]
2025-01-12 18:29:10 INFO  c.netflix.discovery.DiscoveryClient - DiscoveryClient_POST-SERVICE/localhost:post-service:8093 - registration status: 204
2025-01-12 18:29:10 INFO  o.s.a.r.c.CachingConnectionFactory - Created new connection: rabbitConnectionFactory#6f390d67:0/SimpleConnection@cccb342 [delegate=amqp://guest@127.0.0.1:5672/, localPort=57594]
2025-01-12 18:29:10 INFO  b.pxl.controller.PostControllerTest - Started PostControllerTest in 32.364 seconds (process running for 70.131)
2025-01-12 18:29:11 INFO  b.pxl.services.services.PostService - Fetching post by ID: 1
2025-01-12 18:29:12 INFO  b.pxl.services.services.PostService - Fetching all posts
2025-01-12 18:29:12 INFO  b.pxl.services.services.PostService - Fetching all pending posts
2025-01-12 18:29:12 INFO  b.pxl.services.services.PostService - Fetching all rejected posts
2025-01-12 18:29:12 INFO  b.pxl.services.services.PostService - Fetching all approved posts
2025-01-12 18:29:15 INFO  b.pxl.services.services.PostService - Changing post to approved with ID: 1
2025-01-12 18:29:15 INFO  b.pxl.services.services.PostService - Post approved and notification sent for post ID: 1
2025-01-12 18:29:16 INFO  b.pxl.services.services.PostService - Updating post with ID: 1
2025-01-12 18:29:16 INFO  b.pxl.services.services.PostService - Updating post with ID: 1
2025-01-12 18:29:16 INFO  b.pxl.services.services.PostService - Post updated with ID: 1
2025-01-12 18:29:16 INFO  b.pxl.services.services.PostService - Fetching post by ID: 1
2025-01-12 18:29:16 INFO  b.pxl.services.services.PostService - Fetching post by ID: 1
2025-01-12 18:29:16 INFO  b.pxl.services.services.PostService - Changing post to rejected with ID: 1
2025-01-12 18:29:16 INFO  b.pxl.services.services.PostService - Fetching all posts
2025-01-12 18:29:16 INFO  b.pxl.services.services.PostService - Fetching all pending posts
2025-01-12 18:29:16 INFO  b.pxl.services.services.PostService - Fetching all rejected posts
2025-01-12 18:29:16 INFO  b.pxl.services.services.PostService - Changing post to rejected with ID: 1
2025-01-12 18:29:16 INFO  b.pxl.services.services.PostService - Post rejected and notification sent for post ID: 1
2025-01-12 18:29:16 INFO  b.pxl.services.services.PostService - Changing post to approved with ID: 1
2025-01-12 18:29:16 INFO  b.pxl.services.services.PostService - Fetching all approved posts
2025-01-12 18:29:16 INFO  b.pxl.services.services.PostService - Saving post as concept: PostRequest(id=null, title=New Post, content=This is a new post., author=null, created=null)
2025-01-12 18:29:16 INFO  b.pxl.services.services.PostService - Post saved as concept with ID: null
2025-01-12 18:29:17 INFO  o.s.c.n.e.s.EurekaServiceRegistry - Unregistering application POST-SERVICE with eureka with status DOWN
2025-01-12 18:29:17 INFO  c.netflix.discovery.DiscoveryClient - Saw local status change event StatusChangeEvent [timestamp=1736702957242, current=DOWN, previous=UP]
2025-01-12 18:29:17 INFO  c.netflix.discovery.DiscoveryClient - DiscoveryClient_POST-SERVICE/localhost:post-service:8093: registering service...
2025-01-12 18:29:17 INFO  c.netflix.discovery.DiscoveryClient - DiscoveryClient_POST-SERVICE/localhost:post-service:8093 - registration status: 204
2025-01-12 18:29:17 INFO  o.s.a.r.l.SimpleMessageListenerContainer - Waiting for workers to finish.
2025-01-12 18:29:17 INFO  o.s.a.r.l.SimpleMessageListenerContainer - Waiting for workers to finish.
2025-01-12 18:29:18 INFO  o.s.a.r.l.SimpleMessageListenerContainer - Successfully waited for workers to finish.
2025-01-12 18:29:18 INFO  o.s.a.r.l.SimpleMessageListenerContainer - Successfully waited for workers to finish.
2025-01-12 18:29:18 INFO  o.s.o.j.LocalContainerEntityManagerFactoryBean - Closing JPA EntityManagerFactory for persistence unit 'default'
2025-01-12 18:29:18 INFO  com.zaxxer.hikari.HikariDataSource - HikariPool-1 - Shutdown initiated...
2025-01-12 18:29:18 INFO  com.zaxxer.hikari.HikariDataSource - HikariPool-1 - Shutdown completed.
2025-01-12 18:29:18 INFO  c.netflix.discovery.DiscoveryClient - Shutting down DiscoveryClient ...
2025-01-12 18:29:21 INFO  c.netflix.discovery.DiscoveryClient - Unregistering ...
2025-01-12 18:29:21 INFO  c.netflix.discovery.DiscoveryClient - DiscoveryClient_POST-SERVICE/localhost:post-service:8093 - deregister  status: 200
2025-01-12 18:29:21 INFO  c.netflix.discovery.DiscoveryClient - Completed shut down of DiscoveryClient
