2025-01-09 16:34:41 INFO  b.p.services.PostServiceApplication - Starting PostServiceApplication using Java 21.0.1 with PID 33576 (C:\Users\Semih\Desktop\School\3TIN\Fullstack\Java\project-SemihAltintasPXL\backend-java\Publishy\post-service\target\classes started by Semih in C:\Users\Semih\Desktop\School\3TIN\Fullstack\Java\project-SemihAltintasPXL\backend-java\Publishy)
2025-01-09 16:34:41 INFO  b.p.services.PostServiceApplication - No active profile set, falling back to 1 default profile: "default"
2025-01-09 16:34:41 INFO  o.s.c.c.c.ConfigServerConfigDataLoader - Fetching config from server at : http://localhost:8094/
2025-01-09 16:34:41 INFO  o.s.c.c.c.ConfigServerConfigDataLoader - Located environment: name=post-service, profiles=[default], label=null, version=null, state=null
2025-01-09 16:34:43 INFO  o.s.d.r.c.RepositoryConfigurationDelegate - Bootstrapping Spring Data JPA repositories in DEFAULT mode.
2025-01-09 16:34:44 INFO  o.s.d.r.c.RepositoryConfigurationDelegate - Finished Spring Data repository scanning in 264 ms. Found 1 JPA repository interface.
2025-01-09 16:34:44 INFO  o.s.cloud.context.scope.GenericScope - BeanFactory id=d0c591e3-f7e8-309c-af2a-01dfd01a9f4e
2025-01-09 16:34:44 WARN  o.s.c.s.PostProcessorRegistrationDelegate$BeanPostProcessorChecker - Bean 'org.springframework.cloud.client.loadbalancer.LoadBalancerAutoConfiguration$DeferringLoadBalancerInterceptorConfig' of type [org.springframework.cloud.client.loadbalancer.LoadBalancerAutoConfiguration$DeferringLoadBalancerInterceptorConfig] is not eligible for getting processed by all BeanPostProcessors (for example: not eligible for auto-proxying). The currently created BeanPostProcessor [lbRestClientPostProcessor] is declared through a non-static factory method on that class; consider declaring it as static instead.
2025-01-09 16:34:44 WARN  o.s.c.s.PostProcessorRegistrationDelegate$BeanPostProcessorChecker - Bean 'deferringLoadBalancerInterceptor' of type [org.springframework.cloud.client.loadbalancer.DeferringLoadBalancerInterceptor] is not eligible for getting processed by all BeanPostProcessors (for example: not eligible for auto-proxying). Is this bean getting eagerly injected/applied to a currently created BeanPostProcessor [lbRestClientPostProcessor]? Check the corresponding BeanPostProcessor declaration and its dependencies/advisors. If this bean does not have to be post-processed, declare it with ROLE_INFRASTRUCTURE.
2025-01-09 16:34:45 INFO  o.s.b.w.e.tomcat.TomcatWebServer - Tomcat initialized with port 8093 (http)
2025-01-09 16:34:45 INFO  o.a.coyote.http11.Http11NioProtocol - Initializing ProtocolHandler ["http-nio-8093"]
2025-01-09 16:34:45 INFO  o.a.catalina.core.StandardService - Starting service [Tomcat]
2025-01-09 16:34:45 INFO  o.a.catalina.core.StandardEngine - Starting Servlet engine: [Apache Tomcat/10.1.31]
2025-01-09 16:34:45 INFO  o.a.c.c.C.[Tomcat].[localhost].[/] - Initializing Spring embedded WebApplicationContext
2025-01-09 16:34:45 INFO  o.s.b.w.s.c.ServletWebServerApplicationContext - Root WebApplicationContext: initialization completed in 3804 ms
2025-01-09 16:34:45 INFO  o.h.jpa.internal.util.LogHelper - HHH000204: Processing PersistenceUnitInfo [name: default]
2025-01-09 16:34:45 INFO  org.hibernate.Version - HHH000412: Hibernate ORM core version 6.5.3.Final
2025-01-09 16:34:45 INFO  o.h.c.i.RegionFactoryInitiator - HHH000026: Second-level cache disabled
2025-01-09 16:34:46 INFO  o.s.o.j.p.SpringPersistenceUnitInfo - No LoadTimeWeaver setup: ignoring JPA class transformer
2025-01-09 16:34:46 INFO  com.zaxxer.hikari.HikariDataSource - HikariPool-1 - Starting...
2025-01-09 16:34:46 INFO  com.zaxxer.hikari.pool.HikariPool - HikariPool-1 - Added connection com.mysql.cj.jdbc.ConnectionImpl@ff8e36d
2025-01-09 16:34:46 INFO  com.zaxxer.hikari.HikariDataSource - HikariPool-1 - Start completed.
2025-01-09 16:34:46 WARN  org.hibernate.orm.deprecation - HHH90000025: MySQLDialect does not need to be specified explicitly using 'hibernate.dialect' (remove the property setting and it will be selected by default)
2025-01-09 16:34:48 INFO  o.h.e.t.j.p.i.JtaPlatformInitiator - HHH000489: No JTA platform available (set 'hibernate.transaction.jta.platform' to enable JTA platform integration)
2025-01-09 16:34:48 INFO  o.s.o.j.LocalContainerEntityManagerFactoryBean - Initialized JPA EntityManagerFactory for persistence unit 'default'
2025-01-09 16:34:49 WARN  o.s.b.a.o.j.JpaBaseConfiguration$JpaWebConfiguration - spring.jpa.open-in-view is enabled by default. Therefore, database queries may be performed during view rendering. Explicitly configure spring.jpa.open-in-view to disable this warning
2025-01-09 16:34:50 INFO  o.s.cloud.commons.util.InetUtils - Cannot determine local hostname
2025-01-09 16:34:50 INFO  o.s.c.o.FeignClientFactoryBean - For 'notification-service' URL not provided. Will try picking an instance via load-balancing.
2025-01-09 16:34:52 INFO  o.s.cloud.commons.util.InetUtils - Cannot determine local hostname
2025-01-09 16:34:52 INFO  o.s.c.n.e.c.DiscoveryClientOptionalArgsConfiguration - Eureka HTTP Client uses RestTemplate.
2025-01-09 16:34:52 WARN  o.s.c.l.c.LoadBalancerCacheAutoConfiguration$LoadBalancerCaffeineWarnLogger - Spring Cloud LoadBalancer is currently working with the default cache. While this cache implementation is useful for development and tests, it's recommended to use Caffeine cache in production.You can switch to using Caffeine cache, by adding it and org.springframework.cache.caffeine.CaffeineCacheManager to the classpath.
2025-01-09 16:34:52 INFO  o.s.c.n.eureka.InstanceInfoFactory - Setting initial instance status as: STARTING
2025-01-09 16:34:52 INFO  c.netflix.discovery.DiscoveryClient - Initializing Eureka in region us-east-1
2025-01-09 16:34:52 INFO  c.n.d.s.r.aws.ConfigClusterResolver - Resolving eureka endpoints via configuration
2025-01-09 16:34:52 INFO  c.netflix.discovery.DiscoveryClient - Disable delta property : false
2025-01-09 16:34:52 INFO  c.netflix.discovery.DiscoveryClient - Single vip registry refresh property : null
2025-01-09 16:34:52 INFO  c.netflix.discovery.DiscoveryClient - Force full registry fetch : false
2025-01-09 16:34:52 INFO  c.netflix.discovery.DiscoveryClient - Application is null : false
2025-01-09 16:34:52 INFO  c.netflix.discovery.DiscoveryClient - Registered Applications size is zero : true
2025-01-09 16:34:52 INFO  c.netflix.discovery.DiscoveryClient - Application version is -1: true
2025-01-09 16:34:52 INFO  c.netflix.discovery.DiscoveryClient - Getting all instance registry info from the eureka server
2025-01-09 16:34:52 INFO  c.netflix.discovery.DiscoveryClient - The response status is 200
2025-01-09 16:34:52 INFO  c.netflix.discovery.DiscoveryClient - Starting heartbeat executor: renew interval is: 30
2025-01-09 16:34:52 INFO  c.n.discovery.InstanceInfoReplicator - InstanceInfoReplicator onDemand update allowed rate per min is 4
2025-01-09 16:34:52 INFO  c.netflix.discovery.DiscoveryClient - Discovery Client initialized at timestamp 1736436892993 with initial instances count: 5
2025-01-09 16:34:52 INFO  o.s.c.n.e.s.EurekaServiceRegistry - Registering application POST-SERVICE with eureka with status UP
2025-01-09 16:34:53 INFO  c.netflix.discovery.DiscoveryClient - Saw local status change event StatusChangeEvent [timestamp=1736436893000, current=UP, previous=STARTING]
2025-01-09 16:34:53 INFO  o.a.coyote.http11.Http11NioProtocol - Starting ProtocolHandler ["http-nio-8093"]
2025-01-09 16:34:53 INFO  c.netflix.discovery.DiscoveryClient - DiscoveryClient_POST-SERVICE/localhost:post-service:8093: registering service...
2025-01-09 16:34:53 INFO  o.s.b.w.e.tomcat.TomcatWebServer - Tomcat started on port 8093 (http) with context path '/'
2025-01-09 16:34:53 INFO  o.s.c.n.e.s.EurekaAutoServiceRegistration - Updating port to 8093
2025-01-09 16:34:53 INFO  c.netflix.discovery.DiscoveryClient - DiscoveryClient_POST-SERVICE/localhost:post-service:8093 - registration status: 204
2025-01-09 16:34:54 INFO  o.s.cloud.commons.util.InetUtils - Cannot determine local hostname
2025-01-09 16:34:54 INFO  o.s.a.r.c.CachingConnectionFactory - Attempting to connect to: [localhost:5672]
2025-01-09 16:34:54 INFO  o.s.a.r.c.CachingConnectionFactory - Created new connection: rabbitConnectionFactory#36b86248:0/SimpleConnection@546f0f36 [delegate=amqp://guest@127.0.0.1:5672/, localPort=65305]
2025-01-09 16:34:54 INFO  b.p.services.PostServiceApplication - Started PostServiceApplication in 16.722 seconds (process running for 18.175)
2025-01-09 16:37:22 INFO  o.s.c.n.e.s.EurekaServiceRegistry - Unregistering application POST-SERVICE with eureka with status DOWN
2025-01-09 16:37:22 INFO  c.netflix.discovery.DiscoveryClient - Saw local status change event StatusChangeEvent [timestamp=1736437042798, current=DOWN, previous=UP]
2025-01-09 16:37:22 INFO  c.netflix.discovery.DiscoveryClient - DiscoveryClient_POST-SERVICE/localhost:post-service:8093: registering service...
2025-01-09 16:37:22 INFO  o.s.a.r.l.SimpleMessageListenerContainer - Waiting for workers to finish.
2025-01-09 16:37:22 INFO  o.s.a.r.l.SimpleMessageListenerContainer - Waiting for workers to finish.
2025-01-09 16:37:22 INFO  c.netflix.discovery.DiscoveryClient - DiscoveryClient_POST-SERVICE/localhost:post-service:8093 - registration status: 204
2025-01-09 16:37:23 INFO  o.s.a.r.l.SimpleMessageListenerContainer - Successfully waited for workers to finish.
2025-01-09 16:37:23 INFO  o.s.a.r.l.SimpleMessageListenerContainer - Successfully waited for workers to finish.
2025-01-09 16:37:23 INFO  o.s.o.j.LocalContainerEntityManagerFactoryBean - Closing JPA EntityManagerFactory for persistence unit 'default'
2025-01-09 16:37:23 INFO  com.zaxxer.hikari.HikariDataSource - HikariPool-1 - Shutdown initiated...
2025-01-09 16:37:23 INFO  com.zaxxer.hikari.HikariDataSource - HikariPool-1 - Shutdown completed.
2025-01-09 16:37:23 INFO  c.netflix.discovery.DiscoveryClient - Shutting down DiscoveryClient ...
2025-01-09 16:37:26 INFO  c.netflix.discovery.DiscoveryClient - Unregistering ...
2025-01-09 16:37:26 INFO  c.netflix.discovery.DiscoveryClient - DiscoveryClient_POST-SERVICE/localhost:post-service:8093 - deregister  status: 200
2025-01-09 16:37:26 INFO  c.netflix.discovery.DiscoveryClient - Completed shut down of DiscoveryClient
